[debug] [2021-07-22T16:16:32.526Z] ----------------------------------------------------------------------
[debug] [2021-07-22T16:16:32.527Z] Command:       /Users/tricardo/.nvm/versions/node/v16.4.1/bin/node /Users/tricardo/.nvm/versions/node/v16.4.1/bin/firebase emulators:start
[debug] [2021-07-22T16:16:32.528Z] CLI Version:   9.14.0
[debug] [2021-07-22T16:16:32.528Z] Platform:      darwin
[debug] [2021-07-22T16:16:32.528Z] Node Version:  v16.4.1
[debug] [2021-07-22T16:16:32.530Z] Time:          Thu Jul 22 2021 11:16:32 GMT-0500 (Central Daylight Time)
[debug] [2021-07-22T16:16:32.530Z] ----------------------------------------------------------------------
[debug] 
[debug] [2021-07-22T16:16:32.532Z] >>> [apiv2][query] GET https://firebase-public.firebaseio.com/cli.json [none]
[debug] [2021-07-22T16:16:32.558Z] > command requires scopes: ["email","openid","https://www.googleapis.com/auth/cloudplatformprojects.readonly","https://www.googleapis.com/auth/firebase","https://www.googleapis.com/auth/cloud-platform"]
[debug] [2021-07-22T16:16:32.558Z] > authorizing via signed-in user (tabo.odricar@gmail.com)
[info] i  emulators: Starting emulators: auth, functions, firestore, hosting {"metadata":{"emulator":{"name":"hub"},"message":"Starting emulators: auth, functions, firestore, hosting"}}
[debug] [2021-07-22T16:16:32.592Z] [hub] writing locator at /var/folders/cz/3013w4w97bn828sq49ktlm0h00tr_x/T/hub-taboada-4f230.json
[warn] ⚠  functions: The following emulators are not running, calls to these services from the Functions emulator will affect production: database, pubsub, storage {"metadata":{"emulator":{"name":"functions"},"message":"The following emulators are not running, calls to these services from the Functions emulator will affect production: \u001b[1mdatabase, pubsub, storage\u001b[22m"}}
[warn] ⚠  Your requested "node" version "14" doesn't match your global version "16" {"metadata":{"emulator":{"name":"functions"},"message":"Your requested \"node\" version \"14\" doesn't match your global version \"16\""}}
[debug] [2021-07-22T16:16:32.702Z] defaultcredentials: writing to file /Users/tricardo/.config/firebase/tabo_odricar_gmail.com_application_default_credentials.json
[debug] [2021-07-22T16:16:32.712Z] Setting GAC to /Users/tricardo/.config/firebase/tabo_odricar_gmail.com_application_default_credentials.json {"metadata":{"emulator":{"name":"functions"},"message":"Setting GAC to /Users/tricardo/.config/firebase/tabo_odricar_gmail.com_application_default_credentials.json"}}
[debug] [2021-07-22T16:16:32.715Z] > refreshing access token with scopes: []
[debug] [2021-07-22T16:16:32.716Z] >>> HTTP REQUEST POST https://www.googleapis.com/oauth2/v3/token  
 <request body omitted>
[debug] [2021-07-22T16:16:32.878Z] <<< [apiv2][status] GET https://firebase-public.firebaseio.com/cli.json 200
[debug] [2021-07-22T16:16:32.879Z] <<< [apiv2][body] GET https://firebase-public.firebaseio.com/cli.json {"cloudBuildErrorAfter":1594252800000,"cloudBuildWarnAfter":1590019200000,"defaultNode10After":1594252800000,"minVersion":"3.0.5","node8DeploysDisabledAfter":1613390400000,"node8RuntimeDisabledAfter":1615809600000,"node8WarnAfter":1600128000000}
[debug] [2021-07-22T16:16:32.900Z] <<< HTTP RESPONSE 200 {"date":"Thu, 22 Jul 2021 16:16:32 GMT","pragma":"no-cache","expires":"Mon, 01 Jan 1990 00:00:00 GMT","cache-control":"no-cache, no-store, max-age=0, must-revalidate","content-type":"application/json; charset=utf-8","vary":"X-Origin, Referer, Origin,Accept-Encoding","server":"scaffolding on HTTPServer2","x-xss-protection":"0","x-frame-options":"SAMEORIGIN","x-content-type-options":"nosniff","alt-svc":"h3=\":443\"; ma=2592000,h3-29=\":443\"; ma=2592000,h3-T051=\":443\"; ma=2592000,h3-Q050=\":443\"; ma=2592000,h3-Q046=\":443\"; ma=2592000,h3-Q043=\":443\"; ma=2592000,quic=\":443\"; ma=2592000; v=\"46,43\"","accept-ranges":"none","transfer-encoding":"chunked"}
[debug] [2021-07-22T16:16:32.915Z] >>> [apiv2][query] GET https://firebase.googleapis.com/v1beta1/projects/taboada-4f230/adminSdkConfig [none]
[debug] [2021-07-22T16:16:33.173Z] <<< [apiv2][status] GET https://firebase.googleapis.com/v1beta1/projects/taboada-4f230/adminSdkConfig 200
[debug] [2021-07-22T16:16:33.173Z] <<< [apiv2][body] GET https://firebase.googleapis.com/v1beta1/projects/taboada-4f230/adminSdkConfig {"projectId":"taboada-4f230","databaseURL":"https://taboada-4f230-default-rtdb.firebaseio.com","storageBucket":"taboada-4f230.appspot.com","locationId":"us-central"}
[warn] ⚠  firestore: Did not find a Cloud Firestore rules file specified in a firebase.json config file. {"metadata":{"emulator":{"name":"firestore"},"message":"Did not find a Cloud Firestore rules file specified in a firebase.json config file."}}
[warn] ⚠  firestore: The emulator will default to allowing all reads and writes. Learn more about this option: https://firebase.google.com/docs/emulator-suite/install_and_configure#security_rules_configuration. {"metadata":{"emulator":{"name":"firestore"},"message":"The emulator will default to allowing all reads and writes. Learn more about this option: https://firebase.google.com/docs/emulator-suite/install_and_configure#security_rules_configuration."}}
[debug] [2021-07-22T16:16:33.189Z] Ignoring unsupported arg: projectId {"metadata":{"emulator":{"name":"firestore"},"message":"Ignoring unsupported arg: projectId"}}
[debug] [2021-07-22T16:16:33.190Z] Ignoring unsupported arg: auto_download {"metadata":{"emulator":{"name":"firestore"},"message":"Ignoring unsupported arg: auto_download"}}
[debug] [2021-07-22T16:16:33.190Z] Starting Firestore Emulator with command {"binary":"java","args":["-Dgoogle.cloud_firestore.debug_log_level=FINE","-Duser.language=en","-jar","/Users/tricardo/.cache/firebase/emulators/cloud-firestore-emulator-v1.13.0.jar","--host","localhost","--port",8080,"--functions_emulator","localhost:5001"],"optionalArgs":["port","webchannel_port","host","rules","functions_emulator","seed_from_export"],"joinArgs":false} {"metadata":{"emulator":{"name":"firestore"},"message":"Starting Firestore Emulator with command {\"binary\":\"java\",\"args\":[\"-Dgoogle.cloud_firestore.debug_log_level=FINE\",\"-Duser.language=en\",\"-jar\",\"/Users/tricardo/.cache/firebase/emulators/cloud-firestore-emulator-v1.13.0.jar\",\"--host\",\"localhost\",\"--port\",8080,\"--functions_emulator\",\"localhost:5001\"],\"optionalArgs\":[\"port\",\"webchannel_port\",\"host\",\"rules\",\"functions_emulator\",\"seed_from_export\"],\"joinArgs\":false}"}}
[info] i  firestore: Firestore Emulator logging to firestore-debug.log {"metadata":{"emulator":{"name":"firestore"},"message":"Firestore Emulator logging to \u001b[1mfirestore-debug.log\u001b[22m"}}
[debug] [2021-07-22T16:16:37.407Z] Jul 22, 2021 11:16:37 AM com.google.cloud.datastore.emulator.firestore.websocket.WebSocketServer start
INFO: Started WebSocket server on ws://localhost:51835
 {"metadata":{"emulator":{"name":"firestore"},"message":"Jul 22, 2021 11:16:37 AM com.google.cloud.datastore.emulator.firestore.websocket.WebSocketServer start\nINFO: Started WebSocket server on ws://localhost:51835\n"}}
[debug] [2021-07-22T16:16:37.443Z] API endpoint: http:// {"metadata":{"emulator":{"name":"firestore"},"message":"API endpoint: http://"}}
[debug] [2021-07-22T16:16:37.444Z] localhost:8080
If you are using a library that supports the FIRESTORE_EMULATOR_HOST environment variable, run:

   export FIRESTORE_EMULATOR_HOST=localhost:8080

Dev App Server is now running.

 {"metadata":{"emulator":{"name":"firestore"},"message":"localhost:8080\nIf you are using a library that supports the FIRESTORE_EMULATOR_HOST environment variable, run:\n\n   export FIRESTORE_EMULATOR_HOST=localhost:8080\n\nDev App Server is now running.\n\n"}}
[debug] [2021-07-22T16:16:42.153Z] >>> [apiv2][query] GET https://firebasehosting.googleapis.com/v1beta1/projects/taboada-4f230/sites 
[debug] [2021-07-22T16:16:42.717Z] <<< [apiv2][status] GET https://firebasehosting.googleapis.com/v1beta1/projects/taboada-4f230/sites 200
[debug] [2021-07-22T16:16:42.717Z] <<< [apiv2][body] GET https://firebasehosting.googleapis.com/v1beta1/projects/taboada-4f230/sites {"sites":[{"name":"projects/901882752472/sites/taboada-4f230","defaultUrl":"https://taboada-4f230.web.app","type":"DEFAULT_SITE"}]}
[debug] [2021-07-22T16:16:42.717Z] >>> [apiv2][query] GET https://firebase.googleapis.com/v1beta1/projects/taboada-4f230/webApps/-/config [none]
[debug] [2021-07-22T16:16:43.072Z] <<< [apiv2][status] GET https://firebase.googleapis.com/v1beta1/projects/taboada-4f230/webApps/-/config 200
[debug] [2021-07-22T16:16:43.072Z] <<< [apiv2][body] GET https://firebase.googleapis.com/v1beta1/projects/taboada-4f230/webApps/-/config {"projectId":"taboada-4f230","appId":"1:901882752472:web:c664be4d5caa47017f96ad","databaseURL":"https://taboada-4f230-default-rtdb.firebaseio.com","storageBucket":"taboada-4f230.appspot.com","locationId":"us-central","apiKey":"AIzaSyAnbdXyk2yyJYgDiU9Llkg2Q7MMm4i6diw","authDomain":"taboada-4f230.firebaseapp.com","messagingSenderId":"901882752472","measurementId":"G-FS4T8XPT0P"}
[info] i  hosting[battleship]: Serving hosting files from: dist/battleship {"metadata":{"emulator":{"name":"hosting"},"message":"Serving hosting files from: \u001b[1mdist/battleship\u001b[22m"}}
[info] ✔  hosting[battleship]: Local server: http://localhost:5000 {"metadata":{"emulator":{"name":"hosting"},"message":"Local server: \u001b[4m\u001b[1mhttp://localhost:5000\u001b[22m\u001b[24m"}}
[info] i  hosting[battleship]: Serving hosting files from: dist/battleship {"metadata":{"emulator":{"name":"hosting"},"message":"Serving hosting files from: \u001b[1mdist/battleship\u001b[22m"}}
[info] ✔  hosting[battleship]: Local server: http://localhost:5005 {"metadata":{"emulator":{"name":"hosting"},"message":"Local server: \u001b[4m\u001b[1mhttp://localhost:5005\u001b[22m\u001b[24m"}}
[debug] [2021-07-22T16:16:43.110Z] Ignoring unsupported arg: auto_download {"metadata":{"emulator":{"name":"ui"},"message":"Ignoring unsupported arg: auto_download"}}
[debug] [2021-07-22T16:16:43.110Z] Ignoring unsupported arg: port {"metadata":{"emulator":{"name":"ui"},"message":"Ignoring unsupported arg: port"}}
[debug] [2021-07-22T16:16:43.111Z] Starting Emulator UI with command {"binary":"node","args":["/Users/tricardo/.cache/firebase/emulators/ui-v1.5.0/server.bundle.js"],"optionalArgs":[],"joinArgs":false} {"metadata":{"emulator":{"name":"ui"},"message":"Starting Emulator UI with command {\"binary\":\"node\",\"args\":[\"/Users/tricardo/.cache/firebase/emulators/ui-v1.5.0/server.bundle.js\"],\"optionalArgs\":[],\"joinArgs\":false}"}}
[info] i  ui: Emulator UI logging to ui-debug.log {"metadata":{"emulator":{"name":"ui"},"message":"Emulator UI logging to \u001b[1mui-debug.log\u001b[22m"}}
[debug] [2021-07-22T16:16:43.231Z] Web / API server started at http://localhost:7878
 {"metadata":{"emulator":{"name":"ui"},"message":"Web / API server started at http://localhost:7878\n"}}
[info] i  functions: Watching "/Users/tricardo/Documents/001 Projects/battleship/functions" for Cloud Functions... {"metadata":{"emulator":{"name":"functions"},"message":"Watching \"/Users/tricardo/Documents/001 Projects/battleship/functions\" for Cloud Functions..."}}
[debug] [2021-07-22T16:16:43.396Z] [worker-pool] addWorker(~diagnostic~) {"metadata":{"emulator":{"name":"functions"},"message":"[worker-pool] addWorker(~diagnostic~)"}}
[debug] [2021-07-22T16:16:43.396Z] [worker-pool] Adding worker with key ~diagnostic~, total=1 {"metadata":{"emulator":{"name":"functions"},"message":"[worker-pool] Adding worker with key ~diagnostic~, total=1"}}
[debug] [2021-07-22T16:16:43.396Z] [worker-pool] submitWork(triggerId=) {"metadata":{"emulator":{"name":"functions"},"message":"[worker-pool] submitWork(triggerId=)"}}
[debug] [2021-07-22T16:16:43.397Z] [worker-~diagnostic~-fa1a8aa6-9a30-41a8-919a-2a58e6c76fb4]: Assigning socketPath: /var/folders/cz/3013w4w97bn828sq49ktlm0h00tr_x/T/fire_emu_97708.sock {"metadata":{"emulator":{"name":"functions"},"message":"[worker-~diagnostic~-fa1a8aa6-9a30-41a8-919a-2a58e6c76fb4]: Assigning socketPath: /var/folders/cz/3013w4w97bn828sq49ktlm0h00tr_x/T/fire_emu_97708.sock"}}
[debug] [2021-07-22T16:16:43.397Z] [worker-~diagnostic~-fa1a8aa6-9a30-41a8-919a-2a58e6c76fb4]: BUSY {"metadata":{"emulator":{"name":"functions"},"message":"[worker-~diagnostic~-fa1a8aa6-9a30-41a8-919a-2a58e6c76fb4]: BUSY"}}
[debug] [2021-07-22T16:16:43.620Z] [runtime-status] [97708] Functions runtime initialized. {"cwd":"/Users/tricardo/Documents/001 Projects/battleship/functions","node_version":"16.4.1"} {"metadata":{"emulator":{"name":"functions"},"message":"[runtime-status] [97708] Functions runtime initialized. {\"cwd\":\"/Users/tricardo/Documents/001 Projects/battleship/functions\",\"node_version\":\"16.4.1\"}"}}
[debug] [2021-07-22T16:16:43.621Z] [runtime-status] [97708] Disabled runtime features: undefined {"metadata":{"emulator":{"name":"functions"},"message":"[runtime-status] [97708] Disabled runtime features: undefined"}}
[debug] [2021-07-22T16:16:43.629Z] [runtime-status] [97708] Resolved module firebase-admin {"declared":true,"installed":true,"version":"9.11.0","resolution":"/Users/tricardo/Documents/001 Projects/battleship/functions/node_modules/firebase-admin/lib/index.js"} {"metadata":{"emulator":{"name":"functions"},"message":"[runtime-status] [97708] Resolved module firebase-admin {\"declared\":true,\"installed\":true,\"version\":\"9.11.0\",\"resolution\":\"/Users/tricardo/Documents/001 Projects/battleship/functions/node_modules/firebase-admin/lib/index.js\"}"}}
[debug] [2021-07-22T16:16:43.630Z] [runtime-status] [97708] Resolved module firebase-functions {"declared":true,"installed":true,"version":"3.14.1","resolution":"/Users/tricardo/Documents/001 Projects/battleship/functions/node_modules/firebase-functions/lib/index.js"} {"metadata":{"emulator":{"name":"functions"},"message":"[runtime-status] [97708] Resolved module firebase-functions {\"declared\":true,\"installed\":true,\"version\":\"3.14.1\",\"resolution\":\"/Users/tricardo/Documents/001 Projects/battleship/functions/node_modules/firebase-functions/lib/index.js\"}"}}
[debug] [2021-07-22T16:16:43.633Z] [runtime-status] [97708] Resolved module firebase-functions {"declared":true,"installed":true,"version":"3.14.1","resolution":"/Users/tricardo/Documents/001 Projects/battleship/functions/node_modules/firebase-functions/lib/index.js"} {"metadata":{"emulator":{"name":"functions"},"message":"[runtime-status] [97708] Resolved module firebase-functions {\"declared\":true,\"installed\":true,\"version\":\"3.14.1\",\"resolution\":\"/Users/tricardo/Documents/001 Projects/battleship/functions/node_modules/firebase-functions/lib/index.js\"}"}}
[debug] [2021-07-22T16:16:43.641Z] [runtime-status] [97708] Outgoing network have been stubbed. [{"name":"http","status":"mocked"},{"name":"http","status":"mocked"},{"name":"https","status":"mocked"},{"name":"https","status":"mocked"},{"name":"net","status":"mocked"}] {"metadata":{"emulator":{"name":"functions"},"message":"[runtime-status] [97708] Outgoing network have been stubbed. [{\"name\":\"http\",\"status\":\"mocked\"},{\"name\":\"http\",\"status\":\"mocked\"},{\"name\":\"https\",\"status\":\"mocked\"},{\"name\":\"https\",\"status\":\"mocked\"},{\"name\":\"net\",\"status\":\"mocked\"}]"}}
[debug] [2021-07-22T16:16:43.647Z] [runtime-status] [97708] Resolved module firebase-functions {"declared":true,"installed":true,"version":"3.14.1","resolution":"/Users/tricardo/Documents/001 Projects/battleship/functions/node_modules/firebase-functions/lib/index.js"} {"metadata":{"emulator":{"name":"functions"},"message":"[runtime-status] [97708] Resolved module firebase-functions {\"declared\":true,\"installed\":true,\"version\":\"3.14.1\",\"resolution\":\"/Users/tricardo/Documents/001 Projects/battleship/functions/node_modules/firebase-functions/lib/index.js\"}"}}
[debug] [2021-07-22T16:16:43.792Z] [runtime-status] [97708] Checked functions.config() {"config":{}} {"metadata":{"emulator":{"name":"functions"},"message":"[runtime-status] [97708] Checked functions.config() {\"config\":{}}"}}
[debug] [2021-07-22T16:16:43.792Z] [runtime-status] [97708] firebase-functions has been stubbed. {"functionsResolution":{"declared":true,"installed":true,"version":"3.14.1","resolution":"/Users/tricardo/Documents/001 Projects/battleship/functions/node_modules/firebase-functions/lib/index.js"}} {"metadata":{"emulator":{"name":"functions"},"message":"[runtime-status] [97708] firebase-functions has been stubbed. {\"functionsResolution\":{\"declared\":true,\"installed\":true,\"version\":\"3.14.1\",\"resolution\":\"/Users/tricardo/Documents/001 Projects/battleship/functions/node_modules/firebase-functions/lib/index.js\"}}"}}
[debug] [2021-07-22T16:16:43.792Z] [runtime-status] [97708] Resolved module firebase-functions {"declared":true,"installed":true,"version":"3.14.1","resolution":"/Users/tricardo/Documents/001 Projects/battleship/functions/node_modules/firebase-functions/lib/index.js"} {"metadata":{"emulator":{"name":"functions"},"message":"[runtime-status] [97708] Resolved module firebase-functions {\"declared\":true,\"installed\":true,\"version\":\"3.14.1\",\"resolution\":\"/Users/tricardo/Documents/001 Projects/battleship/functions/node_modules/firebase-functions/lib/index.js\"}"}}
[debug] [2021-07-22T16:16:43.792Z] [runtime-status] [97708] Resolved module firebase-admin {"declared":true,"installed":true,"version":"9.11.0","resolution":"/Users/tricardo/Documents/001 Projects/battleship/functions/node_modules/firebase-admin/lib/index.js"} {"metadata":{"emulator":{"name":"functions"},"message":"[runtime-status] [97708] Resolved module firebase-admin {\"declared\":true,\"installed\":true,\"version\":\"9.11.0\",\"resolution\":\"/Users/tricardo/Documents/001 Projects/battleship/functions/node_modules/firebase-admin/lib/index.js\"}"}}
[debug] [2021-07-22T16:16:43.792Z] [runtime-status] [97708] Resolved module firebase-functions {"declared":true,"installed":true,"version":"3.14.1","resolution":"/Users/tricardo/Documents/001 Projects/battleship/functions/node_modules/firebase-functions/lib/index.js"} {"metadata":{"emulator":{"name":"functions"},"message":"[runtime-status] [97708] Resolved module firebase-functions {\"declared\":true,\"installed\":true,\"version\":\"3.14.1\",\"resolution\":\"/Users/tricardo/Documents/001 Projects/battleship/functions/node_modules/firebase-functions/lib/index.js\"}"}}
[debug] [2021-07-22T16:16:43.792Z] [runtime-status] [97708] firebase-admin has been stubbed. {"adminResolution":{"declared":true,"installed":true,"version":"9.11.0","resolution":"/Users/tricardo/Documents/001 Projects/battleship/functions/node_modules/firebase-admin/lib/index.js"}} {"metadata":{"emulator":{"name":"functions"},"message":"[runtime-status] [97708] firebase-admin has been stubbed. {\"adminResolution\":{\"declared\":true,\"installed\":true,\"version\":\"9.11.0\",\"resolution\":\"/Users/tricardo/Documents/001 Projects/battleship/functions/node_modules/firebase-admin/lib/index.js\"}}"}}
[debug] [2021-07-22T16:16:43.792Z] [runtime-status] [97708] initializeApp(DEFAULT) {"storageBucket":"taboada-4f230.appspot.com","databaseURL":"https://taboada-4f230-default-rtdb.firebaseio.com","projectId":"taboada-4f230"} {"metadata":{"emulator":{"name":"functions"},"message":"[runtime-status] [97708] initializeApp(DEFAULT) {\"storageBucket\":\"taboada-4f230.appspot.com\",\"databaseURL\":\"https://taboada-4f230-default-rtdb.firebaseio.com\",\"projectId\":\"taboada-4f230\"}"}}
[debug] [2021-07-22T16:16:44.319Z] [worker-~diagnostic~-fa1a8aa6-9a30-41a8-919a-2a58e6c76fb4]: IDLE {"metadata":{"emulator":{"name":"functions"},"message":"[worker-~diagnostic~-fa1a8aa6-9a30-41a8-919a-2a58e6c76fb4]: IDLE"}}
[info] ✔  functions[us-central1-helloWorld]: http function initialized (http://localhost:5001/taboada-4f230/us-central1/helloWorld). {"metadata":{"emulator":{"name":"functions"},"message":"\u001b[1mhttp\u001b[22m function initialized (http://localhost:5001/taboada-4f230/us-central1/helloWorld)."}}
[debug] [2021-07-22T16:16:44.320Z] addAuthTrigger {"eventTrigger":{"resource":"projects/taboada-4f230","eventType":"providers/firebase.auth/eventTypes/user.create","service":"firebaseauth.googleapis.com"}}
[info] ✔  functions[us-central1-createPlayerInfo]: auth function initialized. {"metadata":{"emulator":{"name":"functions"},"message":"\u001b[1mauth\u001b[22m function initialized."}}
[info] ✔  functions[us-central1-joinToGame]: http function initialized (http://localhost:5001/taboada-4f230/us-central1/joinToGame). {"metadata":{"emulator":{"name":"functions"},"message":"\u001b[1mhttp\u001b[22m function initialized (http://localhost:5001/taboada-4f230/us-central1/joinToGame)."}}
[info] 
┌─────────────────────────────────────────────────────────────┐
│ ✔  All emulators ready! It is now safe to connect your app. │
│ i  View Emulator UI at http://localhost:7878                │
└─────────────────────────────────────────────────────────────┘

┌────────────────┬────────────────┬─────────────────────────────────┐
│ Emulator       │ Host:Port      │ View in Emulator UI             │
├────────────────┼────────────────┼─────────────────────────────────┤
│ Authentication │ localhost:9099 │ http://localhost:7878/auth      │
├────────────────┼────────────────┼─────────────────────────────────┤
│ Functions      │ localhost:5001 │ http://localhost:7878/functions │
├────────────────┼────────────────┼─────────────────────────────────┤
│ Firestore      │ localhost:8080 │ http://localhost:7878/firestore │
├────────────────┼────────────────┼─────────────────────────────────┤
│ Hosting        │ localhost:5000 │ n/a                             │
└────────────────┴────────────────┴─────────────────────────────────┘
  Emulator Hub running at localhost:4400
  Other reserved ports: 4500

Issues? Report them at https://github.com/firebase/firebase-tools/issues and attach the *-debug.log files.
 
[debug] [2021-07-22T17:56:14.968Z] >>> [apiv2][query] POST http://localhost:5001/functions/projects/taboada-4f230/trigger_multicast [none]
[debug] [2021-07-22T17:56:14.968Z] >>> [apiv2][body] POST http://localhost:5001/functions/projects/taboada-4f230/trigger_multicast {"eventType":"providers/firebase.auth/eventTypes/user.create","data":{"uid":"QcGB8hcsR56jhRgzTvJT16ghnk7f","email":"grass.peach.435@example.com","emailVerified":true,"displayName":"Grass Peach","metadata":{"creationTime":"1626976574968","lastSignInTime":"1626976574967"},"customClaims":{},"providerData":[{"providerId":"google.com","rawId":"9572814696487398556490250786543769496805","federatedId":"9572814696487398556490250786543769496805","displayName":"Grass Peach","email":"grass.peach.435@example.com","screenName":"peach_grass"}]}}
[debug] [2021-07-22T17:56:14.974Z] [work-queue] {"queueLength":1,"workRunningCount":0}
[debug] [2021-07-22T17:56:14.975Z] [work-queue] {"queueLength":0,"workRunningCount":1}
[debug] [2021-07-22T17:56:14.976Z] Accepted multicast request POST /functions/projects/taboada-4f230/trigger_multicast --> us-central1-createPlayerInfo-0 {"metadata":{"emulator":{"name":"functions"},"message":"Accepted multicast request POST /functions/projects/taboada-4f230/trigger_multicast --> us-central1-createPlayerInfo-0"}}
[debug] [2021-07-22T17:56:14.985Z] [worker-pool] addWorker(us-central1-createPlayerInfo) {"metadata":{"emulator":{"name":"functions"},"message":"[worker-pool] addWorker(us-central1-createPlayerInfo)"}}
[debug] [2021-07-22T17:56:14.986Z] [worker-pool] Adding worker with key us-central1-createPlayerInfo, total=1 {"metadata":{"emulator":{"name":"functions"},"message":"[worker-pool] Adding worker with key us-central1-createPlayerInfo, total=1"}}
[debug] [2021-07-22T17:56:14.986Z] [worker-pool] submitWork(triggerId=us-central1-createPlayerInfo) {"metadata":{"emulator":{"name":"functions"},"message":"[worker-pool] submitWork(triggerId=us-central1-createPlayerInfo)"}}
[debug] [2021-07-22T17:56:14.986Z] [worker-us-central1-createPlayerInfo-098cea23-799d-48c4-8dff-2fd52b497bae]: Assigning socketPath: /var/folders/cz/3013w4w97bn828sq49ktlm0h00tr_x/T/fire_emu_4430.sock {"metadata":{"emulator":{"name":"functions"},"message":"[worker-us-central1-createPlayerInfo-098cea23-799d-48c4-8dff-2fd52b497bae]: Assigning socketPath: /var/folders/cz/3013w4w97bn828sq49ktlm0h00tr_x/T/fire_emu_4430.sock"}}
[debug] [2021-07-22T17:56:14.986Z] [worker-us-central1-createPlayerInfo-098cea23-799d-48c4-8dff-2fd52b497bae]: BUSY {"metadata":{"emulator":{"name":"functions"},"message":"[worker-us-central1-createPlayerInfo-098cea23-799d-48c4-8dff-2fd52b497bae]: BUSY"}}
[debug] [2021-07-22T17:56:14.995Z] <<< [apiv2][status] POST http://localhost:5001/functions/projects/taboada-4f230/trigger_multicast 200
[debug] [2021-07-22T17:56:14.995Z] <<< [apiv2][body] POST http://localhost:5001/functions/projects/taboada-4f230/trigger_multicast {"status":"multicast_acknowledged"}
[debug] [2021-07-22T17:56:15.973Z] [runtime-status] [4430] Functions runtime initialized. {"cwd":"/Users/tricardo/Documents/001 Projects/battleship/functions","node_version":"16.4.1"} {"metadata":{"emulator":{"name":"functions"},"function":{"name":"us-central1-createPlayerInfo"},"message":"[runtime-status] [4430] Functions runtime initialized. {\"cwd\":\"/Users/tricardo/Documents/001 Projects/battleship/functions\",\"node_version\":\"16.4.1\"}"}}
[debug] [2021-07-22T17:56:15.974Z] [runtime-status] [4430] Disabled runtime features: undefined {"metadata":{"emulator":{"name":"functions"},"function":{"name":"us-central1-createPlayerInfo"},"message":"[runtime-status] [4430] Disabled runtime features: undefined"}}
[debug] [2021-07-22T17:56:15.977Z] [runtime-status] [4430] Resolved module firebase-admin {"declared":true,"installed":true,"version":"9.11.0","resolution":"/Users/tricardo/Documents/001 Projects/battleship/functions/node_modules/firebase-admin/lib/index.js"} {"metadata":{"emulator":{"name":"functions"},"function":{"name":"us-central1-createPlayerInfo"},"message":"[runtime-status] [4430] Resolved module firebase-admin {\"declared\":true,\"installed\":true,\"version\":\"9.11.0\",\"resolution\":\"/Users/tricardo/Documents/001 Projects/battleship/functions/node_modules/firebase-admin/lib/index.js\"}"}}
[debug] [2021-07-22T17:56:15.979Z] [runtime-status] [4430] Resolved module firebase-functions {"declared":true,"installed":true,"version":"3.14.1","resolution":"/Users/tricardo/Documents/001 Projects/battleship/functions/node_modules/firebase-functions/lib/index.js"} {"metadata":{"emulator":{"name":"functions"},"function":{"name":"us-central1-createPlayerInfo"},"message":"[runtime-status] [4430] Resolved module firebase-functions {\"declared\":true,\"installed\":true,\"version\":\"3.14.1\",\"resolution\":\"/Users/tricardo/Documents/001 Projects/battleship/functions/node_modules/firebase-functions/lib/index.js\"}"}}
[debug] [2021-07-22T17:56:15.981Z] [runtime-status] [4430] Resolved module firebase-functions {"declared":true,"installed":true,"version":"3.14.1","resolution":"/Users/tricardo/Documents/001 Projects/battleship/functions/node_modules/firebase-functions/lib/index.js"} {"metadata":{"emulator":{"name":"functions"},"function":{"name":"us-central1-createPlayerInfo"},"message":"[runtime-status] [4430] Resolved module firebase-functions {\"declared\":true,\"installed\":true,\"version\":\"3.14.1\",\"resolution\":\"/Users/tricardo/Documents/001 Projects/battleship/functions/node_modules/firebase-functions/lib/index.js\"}"}}
[debug] [2021-07-22T17:56:15.983Z] [runtime-status] [4430] Outgoing network have been stubbed. [{"name":"http","status":"mocked"},{"name":"http","status":"mocked"},{"name":"https","status":"mocked"},{"name":"https","status":"mocked"},{"name":"net","status":"mocked"}] {"metadata":{"emulator":{"name":"functions"},"function":{"name":"us-central1-createPlayerInfo"},"message":"[runtime-status] [4430] Outgoing network have been stubbed. [{\"name\":\"http\",\"status\":\"mocked\"},{\"name\":\"http\",\"status\":\"mocked\"},{\"name\":\"https\",\"status\":\"mocked\"},{\"name\":\"https\",\"status\":\"mocked\"},{\"name\":\"net\",\"status\":\"mocked\"}]"}}
[debug] [2021-07-22T17:56:15.983Z] [runtime-status] [4430] Resolved module firebase-functions {"declared":true,"installed":true,"version":"3.14.1","resolution":"/Users/tricardo/Documents/001 Projects/battleship/functions/node_modules/firebase-functions/lib/index.js"} {"metadata":{"emulator":{"name":"functions"},"function":{"name":"us-central1-createPlayerInfo"},"message":"[runtime-status] [4430] Resolved module firebase-functions {\"declared\":true,\"installed\":true,\"version\":\"3.14.1\",\"resolution\":\"/Users/tricardo/Documents/001 Projects/battleship/functions/node_modules/firebase-functions/lib/index.js\"}"}}
[debug] [2021-07-22T17:56:16.060Z] [runtime-status] [4430] Checked functions.config() {"config":{}} {"metadata":{"emulator":{"name":"functions"},"function":{"name":"us-central1-createPlayerInfo"},"message":"[runtime-status] [4430] Checked functions.config() {\"config\":{}}"}}
[debug] [2021-07-22T17:56:16.060Z] [runtime-status] [4430] firebase-functions has been stubbed. {"functionsResolution":{"declared":true,"installed":true,"version":"3.14.1","resolution":"/Users/tricardo/Documents/001 Projects/battleship/functions/node_modules/firebase-functions/lib/index.js"}} {"metadata":{"emulator":{"name":"functions"},"function":{"name":"us-central1-createPlayerInfo"},"message":"[runtime-status] [4430] firebase-functions has been stubbed. {\"functionsResolution\":{\"declared\":true,\"installed\":true,\"version\":\"3.14.1\",\"resolution\":\"/Users/tricardo/Documents/001 Projects/battleship/functions/node_modules/firebase-functions/lib/index.js\"}}"}}
[debug] [2021-07-22T17:56:16.060Z] [runtime-status] [4430] Resolved module firebase-functions {"declared":true,"installed":true,"version":"3.14.1","resolution":"/Users/tricardo/Documents/001 Projects/battleship/functions/node_modules/firebase-functions/lib/index.js"} {"metadata":{"emulator":{"name":"functions"},"function":{"name":"us-central1-createPlayerInfo"},"message":"[runtime-status] [4430] Resolved module firebase-functions {\"declared\":true,\"installed\":true,\"version\":\"3.14.1\",\"resolution\":\"/Users/tricardo/Documents/001 Projects/battleship/functions/node_modules/firebase-functions/lib/index.js\"}"}}
[debug] [2021-07-22T17:56:16.061Z] [runtime-status] [4430] Resolved module firebase-admin {"declared":true,"installed":true,"version":"9.11.0","resolution":"/Users/tricardo/Documents/001 Projects/battleship/functions/node_modules/firebase-admin/lib/index.js"} {"metadata":{"emulator":{"name":"functions"},"function":{"name":"us-central1-createPlayerInfo"},"message":"[runtime-status] [4430] Resolved module firebase-admin {\"declared\":true,\"installed\":true,\"version\":\"9.11.0\",\"resolution\":\"/Users/tricardo/Documents/001 Projects/battleship/functions/node_modules/firebase-admin/lib/index.js\"}"}}
[debug] [2021-07-22T17:56:16.062Z] [runtime-status] [4430] Resolved module firebase-functions {"declared":true,"installed":true,"version":"3.14.1","resolution":"/Users/tricardo/Documents/001 Projects/battleship/functions/node_modules/firebase-functions/lib/index.js"} {"metadata":{"emulator":{"name":"functions"},"function":{"name":"us-central1-createPlayerInfo"},"message":"[runtime-status] [4430] Resolved module firebase-functions {\"declared\":true,\"installed\":true,\"version\":\"3.14.1\",\"resolution\":\"/Users/tricardo/Documents/001 Projects/battleship/functions/node_modules/firebase-functions/lib/index.js\"}"}}
[debug] [2021-07-22T17:56:16.062Z] [runtime-status] [4430] firebase-admin has been stubbed. {"adminResolution":{"declared":true,"installed":true,"version":"9.11.0","resolution":"/Users/tricardo/Documents/001 Projects/battleship/functions/node_modules/firebase-admin/lib/index.js"}} {"metadata":{"emulator":{"name":"functions"},"function":{"name":"us-central1-createPlayerInfo"},"message":"[runtime-status] [4430] firebase-admin has been stubbed. {\"adminResolution\":{\"declared\":true,\"installed\":true,\"version\":\"9.11.0\",\"resolution\":\"/Users/tricardo/Documents/001 Projects/battleship/functions/node_modules/firebase-admin/lib/index.js\"}}"}}
[debug] [2021-07-22T17:56:16.064Z] [runtime-status] [4430] initializeApp(DEFAULT) {"storageBucket":"taboada-4f230.appspot.com","databaseURL":"https://taboada-4f230-default-rtdb.firebaseio.com","projectId":"taboada-4f230"} {"metadata":{"emulator":{"name":"functions"},"function":{"name":"us-central1-createPlayerInfo"},"message":"[runtime-status] [4430] initializeApp(DEFAULT) {\"storageBucket\":\"taboada-4f230.appspot.com\",\"databaseURL\":\"https://taboada-4f230-default-rtdb.firebaseio.com\",\"projectId\":\"taboada-4f230\"}"}}
[debug] [2021-07-22T17:56:16.391Z] [runtime-status] [4430] Trigger "us-central1-createPlayerInfo" has been found, beginning invocation! {"metadata":{"emulator":{"name":"functions"},"function":{"name":"us-central1-createPlayerInfo"},"message":"[runtime-status] [4430] Trigger \"us-central1-createPlayerInfo\" has been found, beginning invocation!"}}
[info] i  functions: Beginning execution of "us-central1-createPlayerInfo" {"metadata":{"emulator":{"name":"functions"},"function":{"name":"us-central1-createPlayerInfo"},"message":"Beginning execution of \"us-central1-createPlayerInfo\""}}
[debug] [2021-07-22T17:56:16.391Z] [runtime-status] [4430] triggerDefinition {"eventTrigger":{"resource":"projects/taboada-4f230","eventType":"providers/firebase.auth/eventTypes/user.create","service":"firebaseauth.googleapis.com"},"name":"createPlayerInfo","entryPoint":"createPlayerInfo","regions":["us-central1"],"region":"us-central1","id":"us-central1-createPlayerInfo"} {"metadata":{"emulator":{"name":"functions"},"function":{"name":"us-central1-createPlayerInfo"},"message":"[runtime-status] [4430] triggerDefinition {\"eventTrigger\":{\"resource\":\"projects/taboada-4f230\",\"eventType\":\"providers/firebase.auth/eventTypes/user.create\",\"service\":\"firebaseauth.googleapis.com\"},\"name\":\"createPlayerInfo\",\"entryPoint\":\"createPlayerInfo\",\"regions\":[\"us-central1\"],\"region\":\"us-central1\",\"id\":\"us-central1-createPlayerInfo\"}"}}
[debug] [2021-07-22T17:56:16.391Z] [runtime-status] [4430] Running us-central1-createPlayerInfo in mode BACKGROUND {"metadata":{"emulator":{"name":"functions"},"function":{"name":"us-central1-createPlayerInfo"},"message":"[runtime-status] [4430] Running us-central1-createPlayerInfo in mode BACKGROUND"}}
[debug] [2021-07-22T17:56:16.392Z] [runtime-status] [4430] ProcessBackground {"eventType":"providers/firebase.auth/eventTypes/user.create","data":{"uid":"QcGB8hcsR56jhRgzTvJT16ghnk7f","email":"grass.peach.435@example.com","emailVerified":true,"displayName":"Grass Peach","metadata":{"creationTime":"1626976574968","lastSignInTime":"1626976574967"},"customClaims":{},"providerData":[{"providerId":"google.com","rawId":"9572814696487398556490250786543769496805","federatedId":"9572814696487398556490250786543769496805","displayName":"Grass Peach","email":"grass.peach.435@example.com","screenName":"peach_grass"}]}} {"metadata":{"emulator":{"name":"functions"},"function":{"name":"us-central1-createPlayerInfo"},"message":"[runtime-status] [4430] ProcessBackground {\"eventType\":\"providers/firebase.auth/eventTypes/user.create\",\"data\":{\"uid\":\"QcGB8hcsR56jhRgzTvJT16ghnk7f\",\"email\":\"grass.peach.435@example.com\",\"emailVerified\":true,\"displayName\":\"Grass Peach\",\"metadata\":{\"creationTime\":\"1626976574968\",\"lastSignInTime\":\"1626976574967\"},\"customClaims\":{},\"providerData\":[{\"providerId\":\"google.com\",\"rawId\":\"9572814696487398556490250786543769496805\",\"federatedId\":\"9572814696487398556490250786543769496805\",\"displayName\":\"Grass Peach\",\"email\":\"grass.peach.435@example.com\",\"screenName\":\"peach_grass\"}]}}"}}
[debug] [2021-07-22T17:56:16.392Z] [runtime-status] [4430] RunBackground {"data":{"uid":"QcGB8hcsR56jhRgzTvJT16ghnk7f","email":"grass.peach.435@example.com","emailVerified":true,"displayName":"Grass Peach","metadata":{"creationTime":"1626976574968","lastSignInTime":"1626976574967"},"customClaims":{},"providerData":[{"providerId":"google.com","rawId":"9572814696487398556490250786543769496805","federatedId":"9572814696487398556490250786543769496805","displayName":"Grass Peach","email":"grass.peach.435@example.com","screenName":"peach_grass"}]},"context":{"eventType":"providers/firebase.auth/eventTypes/user.create"}} {"metadata":{"emulator":{"name":"functions"},"function":{"name":"us-central1-createPlayerInfo"},"message":"[runtime-status] [4430] RunBackground {\"data\":{\"uid\":\"QcGB8hcsR56jhRgzTvJT16ghnk7f\",\"email\":\"grass.peach.435@example.com\",\"emailVerified\":true,\"displayName\":\"Grass Peach\",\"metadata\":{\"creationTime\":\"1626976574968\",\"lastSignInTime\":\"1626976574967\"},\"customClaims\":{},\"providerData\":[{\"providerId\":\"google.com\",\"rawId\":\"9572814696487398556490250786543769496805\",\"federatedId\":\"9572814696487398556490250786543769496805\",\"displayName\":\"Grass Peach\",\"email\":\"grass.peach.435@example.com\",\"screenName\":\"peach_grass\"}]},\"context\":{\"eventType\":\"providers/firebase.auth/eventTypes/user.create\"}}"}}
[debug] [2021-07-22T17:56:16.999Z] Jul 22, 2021 12:56:16 PM io.gapi.emulators.netty.HttpVersionRoutingHandler channelRead
INFO: Detected HTTP/2 connection.
 {"metadata":{"emulator":{"name":"firestore"},"message":"Jul 22, 2021 12:56:16 PM io.gapi.emulators.netty.HttpVersionRoutingHandler channelRead\nINFO: Detected HTTP/2 connection.\n"}}
[debug] [2021-07-22T17:56:18.089Z] [runtime-status] [4430] Ephemeral server survived. {"metadata":{"emulator":{"name":"functions"},"function":{"name":"us-central1-createPlayerInfo"},"message":"[runtime-status] [4430] Ephemeral server survived."}}
[info] i  functions: Finished "us-central1-createPlayerInfo" in ~1s {"metadata":{"emulator":{"name":"functions"},"function":{"name":"us-central1-createPlayerInfo"},"message":"Finished \"us-central1-createPlayerInfo\" in ~1s"}}
[debug] [2021-07-22T17:56:18.089Z] [worker-us-central1-createPlayerInfo-098cea23-799d-48c4-8dff-2fd52b497bae]: IDLE {"metadata":{"emulator":{"name":"functions"},"message":"[worker-us-central1-createPlayerInfo-098cea23-799d-48c4-8dff-2fd52b497bae]: IDLE"}}
[debug] [2021-07-22T17:56:18.090Z] [work-queue] {"queueLength":0,"workRunningCount":0}
